Arguments: 
  /usr/local/bin/node /usr/local/bin/yarn add supervisor -g

PATH: 
  /usr/local/bin:/usr/bin:/bin:/usr/sbin:/sbin

Yarn version: 
  1.12.3

Node version: 
  8.12.0

Platform: 
  darwin x64

Trace: 
  Error: getaddrinfo ENOTFOUND registry.yarnpkg.com registry.yarnpkg.com:443
      at GetAddrInfoReqWrap.onlookup [as oncomplete] (dns.js:67:26)

npm manifest: 
  {
    "name": "itismch",
    "version": "1.0.0",
    "description": "闹着玩",
    "main": "sever.js",
    "scripts": {
      "test": "echo \"Error: no test specified\" && exit 1"
    },
    "keywords": [
      "study"
    ],
    "author": "mch",
    "license": "ISC",
    "dependencies": {
      "cheerio": "^1.0.0-rc.2"
    }
  }

yarn manifest: 
  No manifest

Lockfile: 
  No lockfile
